[debug] [2024-09-17T20:10:56.047Z] ----------------------------------------------------------------------
[debug] [2024-09-17T20:10:56.049Z] Command:       C:\Program Files\nodejs\node.exe C:\Program Files\nodejs\node_modules\firebase-tools\lib\bin\firebase.js deploy
[debug] [2024-09-17T20:10:56.050Z] CLI Version:   13.4.0
[debug] [2024-09-17T20:10:56.050Z] Platform:      win32
[debug] [2024-09-17T20:10:56.050Z] Node Version:  v20.11.1
[debug] [2024-09-17T20:10:56.051Z] Time:          Tue Sep 17 2024 13:10:56 GMT-0700 (Pacific Daylight Time)
[debug] [2024-09-17T20:10:56.051Z] ----------------------------------------------------------------------
[debug] 
[debug] [2024-09-17T20:10:56.064Z] >>> [apiv2][query] GET https://firebase-public.firebaseio.com/cli.json [none]
[debug] [2024-09-17T20:10:56.159Z] > command requires scopes: ["email","openid","https://www.googleapis.com/auth/cloudplatformprojects.readonly","https://www.googleapis.com/auth/firebase","https://www.googleapis.com/auth/cloud-platform"]
[debug] [2024-09-17T20:10:56.159Z] > authorizing via signed-in user (tkmrle404@gmail.com)
[debug] [2024-09-17T20:10:56.159Z] [iam] checking project ampersampersand-61d9c for permissions ["datastore.indexes.create","datastore.indexes.delete","datastore.indexes.list","datastore.indexes.update","firebase.projects.get","firebasehosting.sites.update"]
[debug] [2024-09-17T20:10:56.160Z] > refreshing access token with scopes: []
[debug] [2024-09-17T20:10:56.160Z] >>> [apiv2][query] POST https://www.googleapis.com/oauth2/v3/token [none]
[debug] [2024-09-17T20:10:56.160Z] >>> [apiv2][body] POST https://www.googleapis.com/oauth2/v3/token [omitted]
[debug] [2024-09-17T20:10:56.338Z] <<< [apiv2][status] POST https://www.googleapis.com/oauth2/v3/token 400
[debug] [2024-09-17T20:10:56.338Z] <<< [apiv2][body] POST https://www.googleapis.com/oauth2/v3/token [omitted]
[debug] [2024-09-17T20:10:56.338Z] >>> [apiv2][query] POST https://cloudresourcemanager.googleapis.com/v1/projects/ampersampersand-61d9c:testIamPermissions [none]
[debug] [2024-09-17T20:10:56.338Z] >>> [apiv2][(partial)header] POST https://cloudresourcemanager.googleapis.com/v1/projects/ampersampersand-61d9c:testIamPermissions x-goog-quota-user=projects/ampersampersand-61d9c
[debug] [2024-09-17T20:10:56.339Z] >>> [apiv2][body] POST https://cloudresourcemanager.googleapis.com/v1/projects/ampersampersand-61d9c:testIamPermissions {"permissions":["datastore.indexes.create","datastore.indexes.delete","datastore.indexes.list","datastore.indexes.update","firebase.projects.get","firebasehosting.sites.update"]}
[debug] [2024-09-17T20:10:56.363Z] <<< [apiv2][status] GET https://firebase-public.firebaseio.com/cli.json 200
[debug] [2024-09-17T20:10:56.363Z] <<< [apiv2][body] GET https://firebase-public.firebaseio.com/cli.json {"cloudBuildErrorAfter":1594252800000,"cloudBuildWarnAfter":1590019200000,"defaultNode10After":1594252800000,"minVersion":"3.0.5","node8DeploysDisabledAfter":1613390400000,"node8RuntimeDisabledAfter":1615809600000,"node8WarnAfter":1600128000000}
[debug] [2024-09-17T20:10:56.510Z] <<< [apiv2][status] POST https://cloudresourcemanager.googleapis.com/v1/projects/ampersampersand-61d9c:testIamPermissions 401
[debug] [2024-09-17T20:10:56.510Z] <<< [apiv2][body] POST https://cloudresourcemanager.googleapis.com/v1/projects/ampersampersand-61d9c:testIamPermissions {"error":{"code":401,"message":"Request had invalid authentication credentials. Expected OAuth 2 access token, login cookie or other valid authentication credential. See https://developers.google.com/identity/sign-in/web/devconsole-project.","status":"UNAUTHENTICATED","details":[{"@type":"type.googleapis.com/google.rpc.ErrorInfo","reason":"ACCESS_TOKEN_TYPE_UNSUPPORTED","metadata":{"method":"google.cloudresourcemanager.v1.Projects.TestIamPermissions","service":"cloudresourcemanager.googleapis.com"}}]}}
[debug] [2024-09-17T20:10:56.511Z] [iam] error while checking permissions, command may fail: FirebaseError: HTTP Error: 401, Request had invalid authentication credentials. Expected OAuth 2 access token, login cookie or other valid authentication credential. See https://developers.google.com/identity/sign-in/web/devconsole-project.
[debug] [2024-09-17T20:10:56.511Z] > refreshing access token with scopes: []
[debug] [2024-09-17T20:10:56.512Z] >>> [apiv2][query] POST https://www.googleapis.com/oauth2/v3/token [none]
[debug] [2024-09-17T20:10:56.512Z] >>> [apiv2][body] POST https://www.googleapis.com/oauth2/v3/token [omitted]
[debug] [2024-09-17T20:10:56.574Z] <<< [apiv2][status] POST https://www.googleapis.com/oauth2/v3/token 400
[debug] [2024-09-17T20:10:56.574Z] <<< [apiv2][body] POST https://www.googleapis.com/oauth2/v3/token [omitted]
[debug] [2024-09-17T20:10:56.575Z] >>> [apiv2][query] GET https://firebase.googleapis.com/v1beta1/projects/ampersampersand-61d9c [none]
[debug] [2024-09-17T20:10:56.742Z] <<< [apiv2][status] GET https://firebase.googleapis.com/v1beta1/projects/ampersampersand-61d9c 401
[debug] [2024-09-17T20:10:56.742Z] <<< [apiv2][body] GET https://firebase.googleapis.com/v1beta1/projects/ampersampersand-61d9c {"error":{"code":401,"message":"Request had invalid authentication credentials. Expected OAuth 2 access token, login cookie or other valid authentication credential. See https://developers.google.com/identity/sign-in/web/devconsole-project.","status":"UNAUTHENTICATED"}}
[debug] [2024-09-17T20:10:56.743Z] HTTP Error: 401, Request had invalid authentication credentials. Expected OAuth 2 access token, login cookie or other valid authentication credential. See https://developers.google.com/identity/sign-in/web/devconsole-project.
[error] 
[error] Error: Assertion failed: resolving hosting target of a site with no site name or target name. This should have caused an error earlier
